mode: set
github.com/elaqueo/celeritas/session/session.go:21.53,26.16 3 1
github.com/elaqueo/celeritas/session/session.go:31.2,46.40 10 1
github.com/elaqueo/celeritas/session/session.go:54.2,54.16 1 1
github.com/elaqueo/celeritas/session/session.go:26.16,28.3 1 0
github.com/elaqueo/celeritas/session/session.go:47.15,47.15 0 0
github.com/elaqueo/celeritas/session/session.go:48.26,48.26 0 0
github.com/elaqueo/celeritas/session/session.go:49.32,49.32 0 0
github.com/elaqueo/celeritas/session/session.go:50.10,50.10 0 1
github.com/elaqueo/celeritas/render/render.go:35.111,36.37 1 1
github.com/elaqueo/celeritas/render/render.go:45.2,45.52 1 1
github.com/elaqueo/celeritas/render/render.go:37.12,38.36 1 1
github.com/elaqueo/celeritas/render/render.go:39.13,40.48 1 1
github.com/elaqueo/celeritas/render/render.go:41.10,41.10 0 1
github.com/elaqueo/celeritas/render/render.go:49.102,51.16 2 1
github.com/elaqueo/celeritas/render/render.go:55.2,56.17 2 1
github.com/elaqueo/celeritas/render/render.go:60.2,61.16 2 1
github.com/elaqueo/celeritas/render/render.go:65.2,65.12 1 1
github.com/elaqueo/celeritas/render/render.go:51.16,53.3 1 1
github.com/elaqueo/celeritas/render/render.go:56.17,58.3 1 0
github.com/elaqueo/celeritas/render/render.go:61.16,63.3 1 0
github.com/elaqueo/celeritas/render/render.go:69.122,72.22 2 1
github.com/elaqueo/celeritas/render/render.go:78.2,79.17 2 1
github.com/elaqueo/celeritas/render/render.go:83.2,84.16 2 1
github.com/elaqueo/celeritas/render/render.go:89.2,89.46 1 1
github.com/elaqueo/celeritas/render/render.go:94.2,94.12 1 1
github.com/elaqueo/celeritas/render/render.go:72.22,74.3 1 1
github.com/elaqueo/celeritas/render/render.go:74.8,76.3 1 0
github.com/elaqueo/celeritas/render/render.go:79.17,81.3 1 0
github.com/elaqueo/celeritas/render/render.go:84.16,87.3 2 1
github.com/elaqueo/celeritas/render/render.go:89.46,92.3 2 0
